2025-03-06 19:12:23,237 [INFO] Activator:176 - 


2025-03-06 19:12:23,238 [INFO] Activator:177 - !SESSION log4j initialized
2025-03-06 19:12:24,467 [INFO] LogOutputStream:77 - [STDOUT_REDIRECT] 
2025-03-06 19:12:26,896 [INFO] ApplicationProperties:184 - Using Application install path: /home/adrian/st/stm32cubeide_1.17.0/plugins/com.st.stm32cube.common.mx_6.13.0.202411220809
2025-03-06 19:12:26,906 [INFO] DbMcusXml:78 - Set database path to: /home/adrian/st/stm32cubeide_1.17.0/plugins/com.st.stm32cube.common.mx_6.13.0.202411220809//db//mcu/
2025-03-06 19:12:26,907 [INFO] ApiDb:274 - Set plugin database path to: /home/adrian/st/stm32cubeide_1.17.0/plugins/com.st.stm32cube.common.mx_6.13.0.202411220809//db//plugins/boardmanager/
2025-03-06 19:12:26,907 [WARN] ApiDb:259 - Overriding images path with different value:  => /home/adrian/st/stm32cubeide_1.17.0/plugins/com.st.stm32cube.common.mx_6.13.0.202411220809//db//plugins/mcufinder/images/
2025-03-06 19:12:26,909 [INFO] ApiDb:250 - Set database path to: /home/adrian/.stmcufinder/plugins/mcufinder//mcu/
2025-03-06 19:12:26,909 [INFO] DbMcusAds:125 - Set database path to: /home/adrian/.stmcufinder/plugins/mcufinder//mcu/
2025-03-06 19:12:26,910 [INFO] CrossReferenceDbSqlite:203 - Set database path to: /home/adrian/.stmcufinder/plugins/mcufinder//mcu/cs/
2025-03-06 19:12:26,983 [INFO] RulesReader:64 - Compatibility file has been processed (297 Rules)
2025-03-06 19:12:27,023 [INFO] DbMcusXml:78 - Set database path to: /home/adrian/st/stm32cubeide_1.17.0/plugins/com.st.stm32cube.common.mx_6.13.0.202411220809//db//mcu/
2025-03-06 19:12:27,023 [INFO] ApiDb:274 - Set plugin database path to: /home/adrian/st/stm32cubeide_1.17.0/plugins/com.st.stm32cube.common.mx_6.13.0.202411220809//db//plugins/boardmanager/
2025-03-06 19:12:27,023 [INFO] ApiDb:261 - Set plugin images path to: /home/adrian/st/stm32cubeide_1.17.0/plugins/com.st.stm32cube.common.mx_6.13.0.202411220809//db//plugins/mcufinder/images/
2025-03-06 19:12:27,024 [WARN] DbFile:41 - Overriding database path with different value: /home/adrian/.stmcufinder/plugins/mcufinder/ => /home/adrian/.stmcufinder/plugins/mcufinder
2025-03-06 19:12:27,024 [INFO] ApiDb:250 - Set database path to: /home/adrian/.stmcufinder/plugins/mcufinder//mcu/
2025-03-06 19:12:27,024 [WARN] DbFile:41 - Overriding database path with different value: /home/adrian/.stmcufinder/plugins/mcufinder/ => /home/adrian/.stmcufinder/plugins/mcufinder
2025-03-06 19:12:27,024 [INFO] DbMcusAds:125 - Set database path to: /home/adrian/.stmcufinder/plugins/mcufinder//mcu/
2025-03-06 19:12:27,024 [WARN] DbFile:41 - Overriding database path with different value: /home/adrian/.stmcufinder/plugins/mcufinder/ => /home/adrian/.stmcufinder/plugins/mcufinder
2025-03-06 19:12:27,024 [WARN] DbFile:41 - Overriding database path with different value: /home/adrian/.stmcufinder/plugins/mcufinder/ => /home/adrian/.stmcufinder/plugins/mcufinder
2025-03-06 19:12:27,024 [INFO] CrossReferenceDbSqlite:203 - Set database path to: /home/adrian/.stmcufinder/plugins/mcufinder//mcu/cs/
2025-03-06 19:12:27,061 [INFO] MainPanel:272 - HeapMemory: 268435456
2025-03-06 19:12:27,141 [INFO] DbMcusXml:78 - Set database path to: /home/adrian/st/stm32cubeide_1.17.0/plugins/com.st.stm32cube.common.mx_6.13.0.202411220809//db//mcu/
2025-03-06 19:12:27,141 [INFO] ApiDb:274 - Set plugin database path to: /home/adrian/st/stm32cubeide_1.17.0/plugins/com.st.stm32cube.common.mx_6.13.0.202411220809//db//plugins/boardmanager/
2025-03-06 19:12:27,141 [INFO] ApiDb:261 - Set plugin images path to: /home/adrian/st/stm32cubeide_1.17.0/plugins/com.st.stm32cube.common.mx_6.13.0.202411220809//db//plugins/mcufinder/images/
2025-03-06 19:12:27,142 [WARN] DbFile:41 - Overriding database path with different value: /home/adrian/.stmcufinder/plugins/mcufinder/ => /home/adrian/.stmcufinder/plugins/mcufinder
2025-03-06 19:12:27,142 [INFO] ApiDb:250 - Set database path to: /home/adrian/.stmcufinder/plugins/mcufinder//mcu/
2025-03-06 19:12:27,142 [WARN] DbFile:41 - Overriding database path with different value: /home/adrian/.stmcufinder/plugins/mcufinder/ => /home/adrian/.stmcufinder/plugins/mcufinder
2025-03-06 19:12:27,142 [INFO] DbMcusAds:125 - Set database path to: /home/adrian/.stmcufinder/plugins/mcufinder//mcu/
2025-03-06 19:12:27,142 [WARN] DbFile:41 - Overriding database path with different value: /home/adrian/.stmcufinder/plugins/mcufinder/ => /home/adrian/.stmcufinder/plugins/mcufinder
2025-03-06 19:12:27,142 [WARN] DbFile:41 - Overriding database path with different value: /home/adrian/.stmcufinder/plugins/mcufinder/ => /home/adrian/.stmcufinder/plugins/mcufinder
2025-03-06 19:12:27,142 [INFO] CrossReferenceDbSqlite:203 - Set database path to: /home/adrian/.stmcufinder/plugins/mcufinder//mcu/cs/
2025-03-06 19:12:27,153 [INFO] ApplicationProperties:184 - Using Application install path: /home/adrian/st/stm32cubeide_1.17.0/plugins/com.st.stm32cube.common.mx_6.13.0.202411220809
2025-03-06 19:12:27,155 [INFO] PluginManage:196 - Search for loadable plugins [exclusion list=, ]
2025-03-06 19:12:27,156 [INFO] PluginManage:310 - Check plugin analytics
2025-03-06 19:12:27,257 [INFO] AnalyticsPlugin:253 - Accepted Software Licenses: 
2025-03-06 19:12:27,257 [INFO] AnalyticsPlugin:255 - Accepted CMSIS Pack Licenses: 
2025-03-06 19:12:27,257 [INFO] AnalyticsPlugin:257 - Accepted Firmware Licenses: FW.F4.1.28.0,FW.F7.1.17.0
2025-03-06 19:12:27,258 [INFO] PluginManage:359 - Loaded plugin analytics (category:tool,tabindex:-1)
2025-03-06 19:12:27,259 [INFO] PluginManage:310 - Check plugin cadmodel
2025-03-06 19:12:27,261 [INFO] CADModel:105 - Init CAD model plugin
2025-03-06 19:12:27,261 [INFO] PluginManage:359 - Loaded plugin cadmodel (category:power,tabindex:5)
2025-03-06 19:12:27,261 [INFO] PluginManage:310 - Check plugin clock
2025-03-06 19:12:27,266 [INFO] PluginManage:359 - Loaded plugin clock (category:base,tabindex:2)
2025-03-06 19:12:27,266 [INFO] PluginManage:310 - Check plugin ddr
2025-03-06 19:12:27,267 [INFO] PluginManage:359 - Loaded plugin ddr (category:tool,tabindex:6)
2025-03-06 19:12:27,267 [INFO] PluginManage:310 - Check plugin filemanager
2025-03-06 19:12:27,391 [INFO] PluginManage:359 - Loaded plugin filemanager (category:base,tabindex:10)
2025-03-06 19:12:27,391 [INFO] PluginManage:310 - Check plugin ipmanager
2025-03-06 19:12:27,397 [INFO] PluginManage:359 - Loaded plugin ipmanager (category:base,tabindex:5)
2025-03-06 19:12:27,398 [INFO] PluginManage:310 - Check plugin lpbam
2025-03-06 19:12:27,406 [INFO] PluginManage:359 - Loaded plugin lpbam (category:base,tabindex:0)
2025-03-06 19:12:27,406 [INFO] PluginManage:310 - Check plugin memorymap
2025-03-06 19:12:27,424 [INFO] PluginManage:359 - Loaded plugin memorymap (category:base,tabindex:4)
2025-03-06 19:12:27,425 [INFO] PluginManage:310 - Check plugin pinoutandconfiguration
2025-03-06 19:12:27,431 [INFO] PluginManage:359 - Loaded plugin pinoutandconfiguration (category:base,tabindex:1)
2025-03-06 19:12:27,431 [INFO] PluginManage:310 - Check plugin pinoutconfig
2025-03-06 19:12:27,487 [WARN] SupportedApi:132 - Cannot load RTOS API schema: s4s-elt-must-match.1: The content of 'definitions' must match (annotation?, (simpleType | complexType)?, (unique | key | keyref)*)). A problem was found starting at: attribute.
2025-03-06 19:12:27,566 [INFO] PluginManage:359 - Loaded plugin pinoutconfig (category:base,tabindex:0)
2025-03-06 19:12:27,566 [INFO] PluginManage:310 - Check plugin power
2025-03-06 19:12:27,571 [INFO] PluginManage:359 - Loaded plugin power (category:power,tabindex:4)
2025-03-06 19:12:27,571 [INFO] PluginManage:310 - Check plugin projectmanager
2025-03-06 19:12:27,580 [INFO] PluginManage:359 - Loaded plugin projectmanager (category:projectmanager,tabindex:4)
2025-03-06 19:12:27,581 [INFO] PluginManage:310 - Check plugin rif
2025-03-06 19:12:27,583 [INFO] PluginManage:359 - Loaded plugin rif (category:base,tabindex:3)
2025-03-06 19:12:27,583 [INFO] PluginManage:310 - Check plugin thirdparty
2025-03-06 19:12:27,650 [INFO] PluginManage:359 - Loaded plugin thirdparty (category:base,tabindex:-1)
2025-03-06 19:12:27,650 [INFO] PluginManage:310 - Check plugin tools
2025-03-06 19:12:27,650 [WARN] IntegrityCheckThread:84 - waiting for thirdparty lock release [integrity check]
2025-03-06 19:12:27,650 [INFO] IntegrityCheckThread:86 - entering critical section [integrity check]
2025-03-06 19:12:27,650 [INFO] ThirdPartyUpdaterWithRetryManager:70 - Updater plugin not ready yet. [1/15]
2025-03-06 19:12:27,651 [INFO] PluginManage:359 - Loaded plugin tools (category:base,tabindex:7)
2025-03-06 19:12:27,652 [INFO] PluginManage:310 - Check plugin tutovideos
2025-03-06 19:12:27,737 [INFO] PluginManage:359 - Loaded plugin tutovideos (category:base,tabindex:-1)
2025-03-06 19:12:27,737 [INFO] PluginManage:310 - Check plugin updater
2025-03-06 19:12:27,751 [INFO] PluginManage:359 - Loaded plugin updater (category:base,tabindex:12)
2025-03-06 19:12:27,751 [INFO] PluginManage:310 - Check plugin userauth
2025-03-06 19:12:27,753 [INFO] UserAuth:118 - Init User Auth plugin
2025-03-06 19:12:27,754 [INFO] PluginManage:359 - Loaded plugin userauth (category:base,tabindex:14)
2025-03-06 19:12:27,754 [INFO] PluginManage:283 - PluginManage : Loaded plugins [18]
2025-03-06 19:12:27,850 [INFO] PinOutPanel:1589 - setPackage(No Configuration,No Configuration)
2025-03-06 19:12:27,887 [INFO] CADModel:165 - CPN selected for project level
2025-03-06 19:12:27,888 [INFO] CADModel:114 - Register for checkConnection events
2025-03-06 19:12:27,894 [INFO] IPUIPlugin:80 - create IPUIPlugin
2025-03-06 19:12:27,894 [INFO] PluginManager:220 - loadIPPluginJar : add ddr_ctrl_phy
2025-03-06 19:12:27,896 [INFO] IPUIPlugin:80 - create IPUIPlugin
2025-03-06 19:12:27,896 [INFO] PluginManager:220 - loadIPPluginJar : add can
2025-03-06 19:12:27,898 [INFO] IPUIPlugin:80 - create IPUIPlugin
2025-03-06 19:12:27,898 [INFO] PluginManager:220 - loadIPPluginJar : add nvic
2025-03-06 19:12:27,899 [INFO] IPUIPlugin:80 - create IPUIPlugin
2025-03-06 19:12:27,899 [INFO] PluginManager:220 - loadIPPluginJar : add comp
2025-03-06 19:12:27,903 [INFO] IPUIPlugin:80 - create IPUIPlugin
2025-03-06 19:12:27,903 [INFO] PluginManager:220 - loadIPPluginJar : add stm32_wpan
2025-03-06 19:12:27,904 [INFO] IPUIPlugin:80 - create IPUIPlugin
2025-03-06 19:12:27,904 [INFO] PluginManager:220 - loadIPPluginJar : add resmgrutility
2025-03-06 19:12:27,905 [INFO] IPUIPlugin:80 - create IPUIPlugin
2025-03-06 19:12:27,905 [INFO] PluginManager:220 - loadIPPluginJar : add fatfs
2025-03-06 19:12:27,906 [INFO] IPUIPlugin:80 - create IPUIPlugin
2025-03-06 19:12:27,906 [INFO] PluginManager:220 - loadIPPluginJar : add openamp
2025-03-06 19:12:27,907 [INFO] IPUIPlugin:80 - create IPUIPlugin
2025-03-06 19:12:27,907 [INFO] PluginManager:220 - loadIPPluginJar : add sai
2025-03-06 19:12:27,908 [INFO] IPUIPlugin:80 - create IPUIPlugin
2025-03-06 19:12:27,909 [INFO] PluginManager:220 - loadIPPluginJar : add pdm2pcm
2025-03-06 19:12:27,909 [INFO] IPUIPlugin:80 - create IPUIPlugin
2025-03-06 19:12:27,909 [INFO] PluginManager:220 - loadIPPluginJar : add tsc
2025-03-06 19:12:27,911 [INFO] IPUIPlugin:80 - create IPUIPlugin
2025-03-06 19:12:27,911 [INFO] PluginManager:220 - loadIPPluginJar : add gpio
2025-03-06 19:12:27,912 [INFO] IPUIPlugin:80 - create IPUIPlugin
2025-03-06 19:12:27,912 [INFO] PluginManager:220 - loadIPPluginJar : add tracer_emb
2025-03-06 19:12:27,913 [INFO] IPUIPlugin:80 - create IPUIPlugin
2025-03-06 19:12:27,913 [INFO] PluginManager:220 - loadIPPluginJar : add hash
2025-03-06 19:12:27,914 [INFO] IPUIPlugin:80 - create IPUIPlugin
2025-03-06 19:12:27,914 [INFO] PluginManager:220 - loadIPPluginJar : add ltdc
2025-03-06 19:12:27,915 [INFO] IPUIPlugin:80 - create IPUIPlugin
2025-03-06 19:12:27,915 [INFO] PluginManager:220 - loadIPPluginJar : add usart
2025-03-06 19:12:27,919 [INFO] IPUIPlugin:80 - create IPUIPlugin
2025-03-06 19:12:27,919 [INFO] PluginManager:220 - loadIPPluginJar : add linkedlist
2025-03-06 19:12:27,920 [INFO] IPUIPlugin:80 - create IPUIPlugin
2025-03-06 19:12:27,920 [INFO] PluginManager:220 - loadIPPluginJar : add ucpd
2025-03-06 19:12:27,921 [INFO] IPUIPlugin:80 - create IPUIPlugin
2025-03-06 19:12:27,921 [INFO] PluginManager:220 - loadIPPluginJar : add cryp
2025-03-06 19:12:27,922 [INFO] IPUIPlugin:80 - create IPUIPlugin
2025-03-06 19:12:27,922 [INFO] PluginManager:220 - loadIPPluginJar : add tim
2025-03-06 19:12:27,923 [INFO] IPUIPlugin:80 - create IPUIPlugin
2025-03-06 19:12:27,923 [INFO] PluginManager:220 - loadIPPluginJar : add ipddr
2025-03-06 19:12:27,924 [INFO] IPUIPlugin:80 - create IPUIPlugin
2025-03-06 19:12:27,924 [INFO] PluginManager:220 - loadIPPluginJar : add i3c
2025-03-06 19:12:27,925 [INFO] IPUIPlugin:80 - create IPUIPlugin
2025-03-06 19:12:27,925 [INFO] PluginManager:220 - loadIPPluginJar : add quadspi
2025-03-06 19:12:27,926 [INFO] IPUIPlugin:80 - create IPUIPlugin
2025-03-06 19:12:27,926 [INFO] PluginManager:220 - loadIPPluginJar : add i2c
2025-03-06 19:12:27,927 [INFO] IPUIPlugin:80 - create IPUIPlugin
2025-03-06 19:12:27,927 [INFO] PluginManager:220 - loadIPPluginJar : add radio
2025-03-06 19:12:27,930 [INFO] IPUIPlugin:80 - create IPUIPlugin
2025-03-06 19:12:27,930 [INFO] PluginManager:220 - loadIPPluginJar : add mdma
2025-03-06 19:12:27,933 [INFO] IPUIPlugin:80 - create IPUIPlugin
2025-03-06 19:12:27,933 [INFO] PluginManager:220 - loadIPPluginJar : add gic
2025-03-06 19:12:27,934 [INFO] IPUIPlugin:80 - create IPUIPlugin
2025-03-06 19:12:27,934 [INFO] PluginManager:220 - loadIPPluginJar : add i2s
2025-03-06 19:12:27,935 [INFO] IPUIPlugin:80 - create IPUIPlugin
2025-03-06 19:12:27,935 [INFO] PluginManager:220 - loadIPPluginJar : add spi
2025-03-06 19:12:27,938 [INFO] IPUIPlugin:80 - create IPUIPlugin
2025-03-06 19:12:27,939 [INFO] PluginManager:220 - loadIPPluginJar : add plateformsettings
2025-03-06 19:12:27,941 [INFO] IPUIPlugin:80 - create IPUIPlugin
2025-03-06 19:12:27,941 [INFO] PluginManager:220 - loadIPPluginJar : add gtzc
2025-03-06 19:12:27,942 [INFO] IPUIPlugin:80 - create IPUIPlugin
2025-03-06 19:12:27,942 [INFO] PluginManager:220 - loadIPPluginJar : add dma3
2025-03-06 19:12:27,943 [INFO] IPUIPlugin:80 - create IPUIPlugin
2025-03-06 19:12:27,943 [INFO] PluginManager:220 - loadIPPluginJar : add usbx
2025-03-06 19:12:27,946 [INFO] IPUIPlugin:80 - create IPUIPlugin
2025-03-06 19:12:27,946 [INFO] PluginManager:220 - loadIPPluginJar : add freertos
2025-03-06 19:12:27,947 [INFO] IPUIPlugin:80 - create IPUIPlugin
2025-03-06 19:12:27,947 [INFO] PluginManager:220 - loadIPPluginJar : add dfsdm
2025-03-06 19:12:27,950 [INFO] IPUIPlugin:80 - create IPUIPlugin
2025-03-06 19:12:27,950 [INFO] PluginManager:220 - loadIPPluginJar : add dma
2025-03-06 19:12:27,951 [INFO] IPUIPlugin:80 - create IPUIPlugin
2025-03-06 19:12:27,951 [INFO] PluginManager:220 - loadIPPluginJar : add aes
2025-03-06 19:12:27,952 [INFO] IPUIPlugin:80 - create IPUIPlugin
2025-03-06 19:12:27,952 [INFO] PluginManager:220 - loadIPPluginJar : add ts
2025-03-06 19:12:27,954 [INFO] IPUIPlugin:80 - create IPUIPlugin
2025-03-06 19:12:27,954 [INFO] PluginManager:220 - loadIPPluginJar : add fmc
2025-03-06 19:12:27,956 [INFO] IPUIPlugin:80 - create IPUIPlugin
2025-03-06 19:12:27,956 [INFO] PluginManager:220 - loadIPPluginJar : add opamp
2025-03-06 19:12:27,957 [INFO] IPUIPlugin:80 - create IPUIPlugin
2025-03-06 19:12:27,957 [INFO] PluginManager:220 - loadIPPluginJar : add lorawan
2025-03-06 19:12:27,959 [INFO] IPUIPlugin:80 - create IPUIPlugin
2025-03-06 19:12:27,959 [INFO] PluginManager:220 - loadIPPluginJar : add touchsensing
2025-03-06 19:12:27,960 [INFO] IPUIPlugin:80 - create IPUIPlugin
2025-03-06 19:12:27,960 [INFO] PluginManager:220 - loadIPPluginJar : add extmemmanager
2025-03-06 19:12:27,961 [INFO] IPUIPlugin:80 - create IPUIPlugin
2025-03-06 19:12:27,961 [INFO] PluginManager:220 - loadIPPluginJar : add genericplugin
2025-03-06 19:12:27,962 [INFO] IPUIPlugin:80 - create IPUIPlugin
2025-03-06 19:12:27,962 [INFO] PluginManager:220 - loadIPPluginJar : add gfxmmu
2025-03-06 19:12:27,965 [INFO] IPUIPlugin:80 - create IPUIPlugin
2025-03-06 19:12:27,965 [INFO] PluginManager:220 - loadIPPluginJar : add adc
2025-03-06 19:12:28,057 [FATAL] Updater:351 - Updater called before beeing initialized
2025-03-06 19:12:28,073 [INFO] RulesReader:64 - Compatibility file has been processed (297 Rules)
2025-03-06 19:12:28,079 [INFO] RulesReader:64 - Compatibility file has been processed (297 Rules)
2025-03-06 19:12:28,084 [INFO] CADModel:165 - CPN selected for project level
2025-03-06 19:12:28,084 [INFO] CADModel:114 - Register for checkConnection events
2025-03-06 19:12:28,084 [FATAL] Updater:351 - Updater called before beeing initialized
2025-03-06 19:12:28,084 [ERROR] CADModel:125 - Updater not yet initialized, retry later 
2025-03-06 19:12:28,151 [FATAL] Updater:351 - Updater called before beeing initialized
2025-03-06 19:12:28,152 [INFO] CADModel:165 - CPN selected for project level
2025-03-06 19:12:28,152 [INFO] CADModel:114 - Register for checkConnection events
2025-03-06 19:12:28,152 [FATAL] Updater:351 - Updater called before beeing initialized
2025-03-06 19:12:28,152 [ERROR] CADModel:125 - Updater not yet initialized, retry later 
2025-03-06 19:12:28,154 [FATAL] Updater:351 - Updater called before beeing initialized
2025-03-06 19:12:28,198 [FATAL] Updater:351 - Updater called before beeing initialized
2025-03-06 19:12:28,201 [INFO] DbMcusAds:53 - JSON generation date=Tue Dec 17 10:01:15 CST 2024 (1734451275143)
2025-03-06 19:12:28,201 [FATAL] Updater:351 - Updater called before beeing initialized
2025-03-06 19:12:28,223 [WARN] DetailPanel:346 - Failed to get advertising image, set to default
2025-03-06 19:12:28,402 [FATAL] Updater:351 - Updater called before beeing initialized
2025-03-06 19:12:28,403 [FATAL] Updater:351 - Updater called before beeing initialized
2025-03-06 19:12:28,403 [FATAL] Updater:351 - Updater called before beeing initialized
2025-03-06 19:12:28,403 [WARN] DetailPanel:346 - Failed to get advertising image, set to default
2025-03-06 19:12:28,404 [FATAL] Updater:351 - Updater called before beeing initialized
2025-03-06 19:12:28,426 [ERROR] Updater:1198 - MainUpdater not yet initialized. External WinMGr cannot be set.
2025-03-06 19:12:28,427 [INFO] Updater:1134 - Updater Version found : 6.13.0
2025-03-06 19:12:28,437 [INFO] ApplicationProperties:184 - Using Application install path: /home/adrian/st/stm32cubeide_1.17.0/plugins/com.st.stm32cube.common.mx_6.13.0.202411220809
2025-03-06 19:12:28,612 [INFO] MainUpdater:2872 - connection check result : 10
2025-03-06 19:12:28,613 [INFO] MainUpdater:289 - Updater Check For Update Now.
2025-03-06 19:12:28,613 [INFO] MicroXplorer:498 - Change Database Version : DB.6.0.130
2025-03-06 19:12:28,615 [INFO] McuFinderGlobals:63 - Set McuFinder mode to 2 (CubeIDE integrated)
2025-03-06 19:12:28,615 [INFO] UserAuth:486 - Internet connection configuration mode: 1
2025-03-06 19:12:28,623 [INFO] JxBrowserEngine:152 - Initiate JxBrowser Engine with user profile folder
2025-03-06 19:12:28,767 [INFO] CheckServerUpdateThread:120 - End of CheckServer Thread
2025-03-06 19:12:29,034 [INFO] WebApp:168 - Instantiating new browser for Auth
2025-03-06 19:12:29,476 [INFO] WebApp:449 - Apply proxy settings
2025-03-06 19:12:29,476 [INFO] WebApp:534 - Chromium requires no authentication
2025-03-06 19:12:29,480 [INFO] WebApp:477 - Direct internet connection detected
2025-03-06 19:12:29,490 [INFO] WebApp:880 - Register for checkConnection events
2025-03-06 19:12:29,490 [INFO] WebApp:449 - Apply proxy settings
2025-03-06 19:12:29,490 [INFO] WebApp:534 - Chromium requires no authentication
2025-03-06 19:12:29,491 [INFO] WebApp:477 - Direct internet connection detected
2025-03-06 19:12:29,563 [INFO] WebApp:221 - Starting web application
2025-03-06 19:12:29,563 [INFO] WebApp:579 - Web application path used /home/adrian/st/stm32cubeide_1.17.0/plugins/com.st.stm32cube.common.mx_6.13.0.202411220809/db/plugins/mcufinder/reactClient1/index.html
2025-03-06 19:12:30,017 [INFO] WebApp:187 - Connection restablished
2025-03-06 19:12:30,299 [INFO] UserAuth:486 - Internet connection configuration mode: 1
2025-03-06 19:12:30,712 [WARN] PackLoader:240 - Cannot read IP mode file for STMicroelectronics.FP-SNS-MOTENVWB1.1.4.0
2025-03-06 19:12:30,718 [WARN] PackLoader:240 - Cannot read IP mode file for STMicroelectronics.FP-ATR-ASTRA1.2.0.2
2025-03-06 19:12:30,721 [WARN] PackLoader:240 - Cannot read IP mode file for STMicroelectronics.FP-ATR-ASTRA1.2.0.1
2025-03-06 19:12:30,725 [WARN] PackLoader:240 - Cannot read IP mode file for STMicroelectronics.X-CUBE-SMBUS.2.1.0
2025-03-06 19:12:30,729 [WARN] PackLoader:240 - Cannot read IP mode file for STMicroelectronics.X-CUBE-WB05N.1.1.0
2025-03-06 19:12:30,750 [WARN] PackLoader:240 - Cannot read IP mode file for STMicroelectronics.X-CUBE-AZRTOS-F7.1.1.0
2025-03-06 19:12:30,757 [WARN] PackLoader:240 - Cannot read IP mode file for STMicroelectronics.FP-SNS-FLIGHT1.5.0.2
2025-03-06 19:12:30,777 [WARN] PackLoader:240 - Cannot read IP mode file for Infineon.AIROC-Wi-Fi-Bluetooth-STM32.1.7.0
2025-03-06 19:12:30,790 [WARN] PackLoader:240 - Cannot read IP mode file for STMicroelectronics.X-CUBE-DISPLAY.3.0.0
2025-03-06 19:12:30,796 [WARN] PackLoader:240 - Cannot read IP mode file for STMicroelectronics.X-CUBE-BLE1.7.0.0
2025-03-06 19:12:30,800 [WARN] PackLoader:240 - Cannot read IP mode file for STMicroelectronics.X-CUBE-NFC10.1.0.0
2025-03-06 19:12:30,810 [WARN] PackLoader:240 - Cannot read IP mode file for STMicroelectronics.X-CUBE-BLEMGR.4.0.0
2025-03-06 19:12:30,815 [WARN] PackLoader:240 - Cannot read IP mode file for emotas.I-CUBE-CANOPEN.1.3.0
2025-03-06 19:12:30,817 [WARN] PackLoader:240 - Cannot read IP mode file for STMicroelectronics.X-CUBE-AI.10.0.0
2025-03-06 19:12:30,821 [WARN] PackLoader:240 - Cannot read IP mode file for STMicroelectronics.FP-SNS-SMARTAG2.1.2.0
2025-03-06 19:12:30,866 [WARN] PackLoader:240 - Cannot read IP mode file for STMicroelectronics.X-CUBE-MEMS1.11.1.0
2025-03-06 19:12:30,961 [INFO] LogOutputStream:77 - [STDOUT_REDIRECT] 1 : Invalid condition id : UX_CORESTACK_Condition cause : null
2025-03-06 19:12:30,962 [INFO] LogOutputStream:77 - [STDOUT_REDIRECT] 1 : Invalid condition id : UX_CORESTACK_Condition cause : null
2025-03-06 19:12:30,962 [INFO] LogOutputStream:77 - [STDOUT_REDIRECT] 1 : Invalid condition id : UX_CORESTACK_Condition cause : null
2025-03-06 19:12:30,962 [INFO] LogOutputStream:77 - [STDOUT_REDIRECT] 1 : Invalid condition id : UX_CORESTACK_Condition cause : null
2025-03-06 19:12:30,962 [INFO] LogOutputStream:77 - [STDOUT_REDIRECT] 1 : Invalid condition id : UX_CORESTACK_Condition cause : null
2025-03-06 19:12:30,964 [WARN] PackLoader:240 - Cannot read IP mode file for STMicroelectronics.X-CUBE-AZRTOS-WL.2.0.0
2025-03-06 19:12:30,967 [WARN] PackLoader:240 - Cannot read IP mode file for STMicroelectronics.FP-SNS-MOTENV1.5.0.0
2025-03-06 19:12:30,971 [WARN] PackLoader:240 - Cannot read IP mode file for wolfSSL.I-CUBE-wolfMQTT.1.19.0
2025-03-06 19:12:30,975 [WARN] PackLoader:240 - Cannot read IP mode file for WES.I-CUBE-Cesium.1.3.0
2025-03-06 19:12:30,977 [WARN] PackLoader:240 - Cannot read IP mode file for STMicroelectronics.X-CUBE-BLE2.3.3.0
2025-03-06 19:12:30,981 [WARN] PackLoader:240 - Cannot read IP mode file for STMicroelectronics.X-CUBE-NFC9.1.0.0
2025-03-06 19:12:30,991 [WARN] PackLoader:240 - Cannot read IP mode file for STMicroelectronics.X-CUBE-AZRTOS-G0.1.1.0
2025-03-06 19:12:30,995 [WARN] PackLoader:240 - Cannot read IP mode file for STMicroelectronics.X-CUBE-SAFEA1.1.2.2
2025-03-06 19:12:30,999 [WARN] PackLoader:240 - Cannot read IP mode file for STMicroelectronics.X-CUBE-NFC4.3.0.0
2025-03-06 19:12:31,005 [WARN] PackLoader:240 - Cannot read IP mode file for EmbeddedOffice.I-CUBE-FS-RTOS.1.0.1
2025-03-06 19:12:31,008 [WARN] PackLoader:240 - Cannot read IP mode file for STMicroelectronics.X-CUBE-TCPP.4.2.0
2025-03-06 19:12:31,011 [WARN] PackLoader:240 - Cannot read IP mode file for RealThread.X-CUBE-RT-Thread_Nano.4.1.1
2025-03-06 19:12:31,014 [WARN] PackLoader:240 - Cannot read IP mode file for STMicroelectronics.FP-ATR-SIGFOX1.3.2.0
2025-03-06 19:12:31,016 [WARN] ConditionMgr:438 - getConditionDescription Invalid condition id : Cortex-A Device cause : null
2025-03-06 19:12:31,025 [WARN] ConditionMgr:1044 - genDependencies : Invalid condition id : Cortex-A Device cause : null
2025-03-06 19:12:31,025 [WARN] ConditionMgr:1044 - genDependencies : Invalid condition id : Cortex-A Device cause : null
2025-03-06 19:12:31,025 [WARN] ConditionMgr:1044 - genDependencies : Invalid condition id : Cortex-A Device cause : null
2025-03-06 19:12:31,028 [WARN] PackLoader:240 - Cannot read IP mode file for STMicroelectronics.X-CUBE-EEPRMA1.5.1.0
2025-03-06 19:12:31,031 [WARN] PackLoader:240 - Cannot read IP mode file for wolfSSL.I-CUBE-wolfSSL.5.7.6
2025-03-06 19:12:31,034 [WARN] PackLoader:240 - Cannot read IP mode file for ITTIA_DB.I-CUBE-ITTIADB.8.9.0
2025-03-06 19:12:31,058 [WARN] PackLoader:240 - Cannot read IP mode file for SEGGER.I-CUBE-embOS.1.3.1
2025-03-06 19:12:31,102 [WARN] PackLoader:240 - Cannot read IP mode file for STMicroelectronics.X-CUBE-ALGOBUILD.1.4.0
2025-03-06 19:12:31,118 [WARN] PackLoader:240 - Cannot read IP mode file for STMicroelectronics.X-CUBE-AZRTOS-F4.1.1.0
2025-03-06 19:12:31,124 [WARN] PackLoader:240 - Cannot read IP mode file for STMicroelectronics.X-CUBE-ISPU.2.1.0
2025-03-06 19:12:31,132 [WARN] PackLoader:240 - Cannot read IP mode file for STMicroelectronics.X-CUBE-AZRTOS-L5.2.0.0
2025-03-06 19:12:31,138 [WARN] PackLoader:240 - Cannot read IP mode file for STMicroelectronics.X-CUBE-NFC6.3.1.0
2025-03-06 19:12:31,142 [WARN] PackLoader:240 - Cannot read IP mode file for STMicroelectronics.X-CUBE-DPower.1.2.0
2025-03-06 19:12:31,144 [WARN] PackLoader:240 - Cannot read IP mode file for STMicroelectronics.X-CUBE-FREERTOS.1.3.0
2025-03-06 19:12:31,146 [WARN] PackLoader:240 - Cannot read IP mode file for STMicroelectronics.X-CUBE-NFC7.1.0.1
2025-03-06 19:12:31,156 [WARN] ConditionMgr:438 - getConditionDescription Invalid condition id : LAN8742 Phy interface Condition cause : null
2025-03-06 19:12:31,157 [WARN] PackLoader:240 - Cannot read IP mode file for STMicroelectronics.X-CUBE-AZRTOS-L4.2.0.0
2025-03-06 19:12:31,158 [WARN] ConditionMgr:1044 - genDependencies : Invalid condition id : LAN8742 Phy interface Condition cause : null
2025-03-06 19:12:31,158 [WARN] ConditionMgr:1044 - genDependencies : Invalid condition id : LAN8742 Phy interface Condition cause : null
2025-03-06 19:12:31,158 [WARN] ConditionMgr:1044 - genDependencies : Invalid condition id : LAN8742 Phy interface Condition cause : null
2025-03-06 19:12:31,162 [WARN] PackLoader:240 - Cannot read IP mode file for STMicroelectronics.X-CUBE-SFXS2LP1.4.0.0
2025-03-06 19:12:31,172 [WARN] PackLoader:240 - Cannot read IP mode file for STMicroelectronics.X-CUBE-AZRTOS-H7.3.3.0
2025-03-06 19:12:31,179 [WARN] ConditionMgr:438 - getConditionDescription Invalid condition id : UX DEVICE CLASS RTOS Condition cause : null
2025-03-06 19:12:31,179 [WARN] ConditionMgr:438 - getConditionDescription Invalid condition id : UX DEVICE CLASS RTOS Condition cause : null
2025-03-06 19:12:31,180 [WARN] PackLoader:240 - Cannot read IP mode file for STMicroelectronics.X-CUBE-AZRTOS-WB.2.0.0
2025-03-06 19:12:31,181 [WARN] ConditionMgr:1044 - genDependencies : Invalid condition id : UX DEVICE CLASS RTOS Condition cause : null
2025-03-06 19:12:31,181 [WARN] ConditionMgr:1044 - genDependencies : Invalid condition id : UX DEVICE CLASS RTOS Condition cause : null
2025-03-06 19:12:31,181 [WARN] ConditionMgr:1044 - genDependencies : Invalid condition id : UX DEVICE CLASS RTOS Condition cause : null
2025-03-06 19:12:31,181 [WARN] ConditionMgr:1044 - genDependencies : Invalid condition id : UX DEVICE CLASS RTOS Condition cause : null
2025-03-06 19:12:31,181 [WARN] ConditionMgr:1044 - genDependencies : Invalid condition id : UX DEVICE CLASS RTOS Condition cause : null
2025-03-06 19:12:31,184 [WARN] PackLoader:240 - Cannot read IP mode file for STMicroelectronics.X-CUBE-GNSS1.7.0.1
2025-03-06 19:12:31,187 [WARN] PackLoader:240 - Cannot read IP mode file for STMicroelectronics.FP-SNS-STBOX1.2.0.0
2025-03-06 19:12:31,193 [WARN] PackLoader:240 - Cannot read IP mode file for STMicroelectronics.X-CUBE-SUBG2.5.0.0
2025-03-06 19:12:31,196 [WARN] PackLoader:240 - Cannot read IP mode file for Cesanta.I-CUBE-Mongoose.7.13.0
2025-03-06 19:12:31,202 [WARN] PackLoader:240 - Cannot read IP mode file for STMicroelectronics.X-CUBE-AZRTOS-G4.2.0.0
2025-03-06 19:12:31,209 [WARN] PackLoader:240 - Cannot read IP mode file for STMicroelectronics.X-CUBE-IPS.3.1.0
2025-03-06 19:12:31,214 [WARN] PackLoader:240 - Cannot read IP mode file for STMicroelectronics.X-CUBE-ALS.1.0.2
2025-03-06 19:12:31,216 [WARN] PackLoader:240 - Cannot read IP mode file for STMicroelectronics.X-CUBE-TOUCHGFX.4.24.2
2025-03-06 19:12:31,218 [WARN] PackLoader:240 - Cannot read IP mode file for wolfSSL.I-CUBE-wolfTPM.3.4.0
2025-03-06 19:12:31,221 [WARN] PackLoader:240 - Cannot read IP mode file for portGmbH.I-Cube-SoM-uGOAL.1.1.0
2025-03-06 19:12:31,233 [WARN] PackLoader:240 - Cannot read IP mode file for STMicroelectronics.X-CUBE-AZRTOS-H7RS.1.0.0
2025-03-06 19:12:31,240 [WARN] PackLoader:240 - Cannot read IP mode file for STMicroelectronics.X-CUBE-TOF1.3.4.2
2025-03-06 19:12:31,246 [WARN] PackLoader:240 - Cannot read IP mode file for wolfSSL.I-CUBE-wolfSSH.1.4.17
2025-03-06 19:12:31,247 [INFO] ThirdParty:978 - Integrity check success = true
2025-03-06 19:12:31,247 [INFO] IntegrityCheckThread:100 - exiting critical section [integrity check]
2025-03-06 19:12:31,247 [INFO] IntegrityCheckThread:103 - End integrity checks thread
2025-03-06 19:13:55,254 [ERROR] LogOutputStream:75 - [STDERR_REDIRECT] 
