2024-12-22 00:00:14,306 [ERROR] LogOutputStream:75 - [STDERR_REDIRECT] Dec 22, 2024 12:00:14 AM java.util.prefs.FileSystemPreferences checkLockFile0ErrorCode
2024-12-22 00:00:14,311 [ERROR] LogOutputStream:75 - [STDERR_REDIRECT] WARNING: Could not lock System prefs. Unix error code 2.
2024-12-22 00:00:14,312 [ERROR] LogOutputStream:75 - [STDERR_REDIRECT] 
2024-12-22 00:00:14,312 [ERROR] LogOutputStream:75 - [STDERR_REDIRECT] Dec 22, 2024 12:00:14 AM java.util.prefs.FileSystemPreferences syncWorld
2024-12-22 00:00:14,312 [ERROR] LogOutputStream:75 - [STDERR_REDIRECT] WARNING: Couldn't flush system prefs: java.util.prefs.BackingStoreException: Couldn't get file lock.
2024-12-22 00:00:14,313 [ERROR] LogOutputStream:75 - [STDERR_REDIRECT] 
2024-12-22 00:00:44,306 [ERROR] LogOutputStream:75 - [STDERR_REDIRECT] Dec 22, 2024 12:00:44 AM java.util.prefs.FileSystemPreferences checkLockFile0ErrorCode
2024-12-22 00:00:44,307 [ERROR] LogOutputStream:75 - [STDERR_REDIRECT] WARNING: Could not lock System prefs. Unix error code 2.
2024-12-22 00:00:44,307 [ERROR] LogOutputStream:75 - [STDERR_REDIRECT] 
2024-12-22 00:00:44,308 [ERROR] LogOutputStream:75 - [STDERR_REDIRECT] Dec 22, 2024 12:00:44 AM java.util.prefs.FileSystemPreferences syncWorld
2024-12-22 00:00:44,308 [ERROR] LogOutputStream:75 - [STDERR_REDIRECT] WARNING: Couldn't flush system prefs: java.util.prefs.BackingStoreException: Couldn't get file lock.
2024-12-22 00:00:44,308 [ERROR] LogOutputStream:75 - [STDERR_REDIRECT] 
2024-12-22 00:01:14,307 [ERROR] LogOutputStream:75 - [STDERR_REDIRECT] Dec 22, 2024 12:01:14 AM java.util.prefs.FileSystemPreferences checkLockFile0ErrorCode
2024-12-22 00:01:14,308 [ERROR] LogOutputStream:75 - [STDERR_REDIRECT] WARNING: Could not lock System prefs. Unix error code 2.
2024-12-22 00:01:14,308 [ERROR] LogOutputStream:75 - [STDERR_REDIRECT] 
2024-12-22 00:01:14,308 [ERROR] LogOutputStream:75 - [STDERR_REDIRECT] Dec 22, 2024 12:01:14 AM java.util.prefs.FileSystemPreferences syncWorld
2024-12-22 00:01:14,309 [ERROR] LogOutputStream:75 - [STDERR_REDIRECT] WARNING: Couldn't flush system prefs: java.util.prefs.BackingStoreException: Couldn't get file lock.
2024-12-22 00:01:14,309 [ERROR] LogOutputStream:75 - [STDERR_REDIRECT] 
2024-12-22 00:01:44,306 [ERROR] LogOutputStream:75 - [STDERR_REDIRECT] Dec 22, 2024 12:01:44 AM java.util.prefs.FileSystemPreferences checkLockFile0ErrorCode
2024-12-22 00:01:44,307 [ERROR] LogOutputStream:75 - [STDERR_REDIRECT] WARNING: Could not lock System prefs. Unix error code 2.
2024-12-22 00:01:44,307 [ERROR] LogOutputStream:75 - [STDERR_REDIRECT] 
2024-12-22 00:01:44,308 [ERROR] LogOutputStream:75 - [STDERR_REDIRECT] Dec 22, 2024 12:01:44 AM java.util.prefs.FileSystemPreferences syncWorld
2024-12-22 00:01:44,308 [ERROR] LogOutputStream:75 - [STDERR_REDIRECT] WARNING: Couldn't flush system prefs: java.util.prefs.BackingStoreException: Couldn't get file lock.
2024-12-22 00:01:44,308 [ERROR] LogOutputStream:75 - [STDERR_REDIRECT] 
2024-12-22 00:02:14,307 [ERROR] LogOutputStream:75 - [STDERR_REDIRECT] Dec 22, 2024 12:02:14 AM java.util.prefs.FileSystemPreferences checkLockFile0ErrorCode
2024-12-22 00:02:14,307 [ERROR] LogOutputStream:75 - [STDERR_REDIRECT] WARNING: Could not lock System prefs. Unix error code 2.
2024-12-22 00:02:14,308 [ERROR] LogOutputStream:75 - [STDERR_REDIRECT] 
2024-12-22 00:02:14,308 [ERROR] LogOutputStream:75 - [STDERR_REDIRECT] Dec 22, 2024 12:02:14 AM java.util.prefs.FileSystemPreferences syncWorld
2024-12-22 00:02:14,309 [ERROR] LogOutputStream:75 - [STDERR_REDIRECT] WARNING: Couldn't flush system prefs: java.util.prefs.BackingStoreException: Couldn't get file lock.
2024-12-22 00:02:14,309 [ERROR] LogOutputStream:75 - [STDERR_REDIRECT] 
2024-12-22 00:02:44,307 [ERROR] LogOutputStream:75 - [STDERR_REDIRECT] Dec 22, 2024 12:02:44 AM java.util.prefs.FileSystemPreferences checkLockFile0ErrorCode
2024-12-22 00:02:44,308 [ERROR] LogOutputStream:75 - [STDERR_REDIRECT] WARNING: Could not lock System prefs. Unix error code 2.
2024-12-22 00:02:44,308 [ERROR] LogOutputStream:75 - [STDERR_REDIRECT] 
2024-12-22 00:02:44,308 [ERROR] LogOutputStream:75 - [STDERR_REDIRECT] Dec 22, 2024 12:02:44 AM java.util.prefs.FileSystemPreferences syncWorld
2024-12-22 00:02:44,309 [ERROR] LogOutputStream:75 - [STDERR_REDIRECT] WARNING: Couldn't flush system prefs: java.util.prefs.BackingStoreException: Couldn't get file lock.
2024-12-22 00:02:44,309 [ERROR] LogOutputStream:75 - [STDERR_REDIRECT] 
2024-12-22 00:03:14,307 [ERROR] LogOutputStream:75 - [STDERR_REDIRECT] Dec 22, 2024 12:03:14 AM java.util.prefs.FileSystemPreferences checkLockFile0ErrorCode
2024-12-22 00:03:14,307 [ERROR] LogOutputStream:75 - [STDERR_REDIRECT] WARNING: Could not lock System prefs. Unix error code 2.
2024-12-22 00:03:14,307 [ERROR] LogOutputStream:75 - [STDERR_REDIRECT] 
2024-12-22 00:03:14,308 [ERROR] LogOutputStream:75 - [STDERR_REDIRECT] Dec 22, 2024 12:03:14 AM java.util.prefs.FileSystemPreferences syncWorld
2024-12-22 00:03:14,308 [ERROR] LogOutputStream:75 - [STDERR_REDIRECT] WARNING: Couldn't flush system prefs: java.util.prefs.BackingStoreException: Couldn't get file lock.
2024-12-22 00:03:14,308 [ERROR] LogOutputStream:75 - [STDERR_REDIRECT] 
2024-12-22 00:03:44,307 [ERROR] LogOutputStream:75 - [STDERR_REDIRECT] Dec 22, 2024 12:03:44 AM java.util.prefs.FileSystemPreferences checkLockFile0ErrorCode
2024-12-22 00:03:44,308 [ERROR] LogOutputStream:75 - [STDERR_REDIRECT] WARNING: Could not lock System prefs. Unix error code 2.
2024-12-22 00:03:44,308 [ERROR] LogOutputStream:75 - [STDERR_REDIRECT] 
2024-12-22 00:03:44,308 [ERROR] LogOutputStream:75 - [STDERR_REDIRECT] Dec 22, 2024 12:03:44 AM java.util.prefs.FileSystemPreferences syncWorld
2024-12-22 00:03:44,309 [ERROR] LogOutputStream:75 - [STDERR_REDIRECT] WARNING: Couldn't flush system prefs: java.util.prefs.BackingStoreException: Couldn't get file lock.
2024-12-22 00:03:44,309 [ERROR] LogOutputStream:75 - [STDERR_REDIRECT] 
2024-12-22 00:04:14,308 [ERROR] LogOutputStream:75 - [STDERR_REDIRECT] Dec 22, 2024 12:04:14 AM java.util.prefs.FileSystemPreferences checkLockFile0ErrorCode
2024-12-22 00:04:14,308 [ERROR] LogOutputStream:75 - [STDERR_REDIRECT] WARNING: Could not lock System prefs. Unix error code 2.
2024-12-22 00:04:14,309 [ERROR] LogOutputStream:75 - [STDERR_REDIRECT] 
2024-12-22 00:04:14,309 [ERROR] LogOutputStream:75 - [STDERR_REDIRECT] Dec 22, 2024 12:04:14 AM java.util.prefs.FileSystemPreferences syncWorld
2024-12-22 00:04:14,309 [ERROR] LogOutputStream:75 - [STDERR_REDIRECT] WARNING: Couldn't flush system prefs: java.util.prefs.BackingStoreException: Couldn't get file lock.
2024-12-22 00:04:14,310 [ERROR] LogOutputStream:75 - [STDERR_REDIRECT] 
2024-12-22 00:04:44,308 [ERROR] LogOutputStream:75 - [STDERR_REDIRECT] Dec 22, 2024 12:04:44 AM java.util.prefs.FileSystemPreferences checkLockFile0ErrorCode
2024-12-22 00:04:44,308 [ERROR] LogOutputStream:75 - [STDERR_REDIRECT] WARNING: Could not lock System prefs. Unix error code 2.
2024-12-22 00:04:44,308 [ERROR] LogOutputStream:75 - [STDERR_REDIRECT] 
2024-12-22 00:04:44,309 [ERROR] LogOutputStream:75 - [STDERR_REDIRECT] Dec 22, 2024 12:04:44 AM java.util.prefs.FileSystemPreferences syncWorld
2024-12-22 00:04:44,309 [ERROR] LogOutputStream:75 - [STDERR_REDIRECT] WARNING: Couldn't flush system prefs: java.util.prefs.BackingStoreException: Couldn't get file lock.
2024-12-22 00:04:44,309 [ERROR] LogOutputStream:75 - [STDERR_REDIRECT] 
2024-12-22 00:05:14,308 [ERROR] LogOutputStream:75 - [STDERR_REDIRECT] Dec 22, 2024 12:05:14 AM java.util.prefs.FileSystemPreferences checkLockFile0ErrorCode
2024-12-22 00:05:14,309 [ERROR] LogOutputStream:75 - [STDERR_REDIRECT] WARNING: Could not lock System prefs. Unix error code 2.
2024-12-22 00:05:14,309 [ERROR] LogOutputStream:75 - [STDERR_REDIRECT] 
2024-12-22 00:05:14,309 [ERROR] LogOutputStream:75 - [STDERR_REDIRECT] Dec 22, 2024 12:05:14 AM java.util.prefs.FileSystemPreferences syncWorld
2024-12-22 00:05:14,310 [ERROR] LogOutputStream:75 - [STDERR_REDIRECT] WARNING: Couldn't flush system prefs: java.util.prefs.BackingStoreException: Couldn't get file lock.
2024-12-22 00:05:14,310 [ERROR] LogOutputStream:75 - [STDERR_REDIRECT] 
2024-12-22 00:05:44,308 [ERROR] LogOutputStream:75 - [STDERR_REDIRECT] Dec 22, 2024 12:05:44 AM java.util.prefs.FileSystemPreferences checkLockFile0ErrorCode
2024-12-22 00:05:44,309 [ERROR] LogOutputStream:75 - [STDERR_REDIRECT] WARNING: Could not lock System prefs. Unix error code 2.
2024-12-22 00:05:44,309 [ERROR] LogOutputStream:75 - [STDERR_REDIRECT] 
2024-12-22 00:05:44,310 [ERROR] LogOutputStream:75 - [STDERR_REDIRECT] Dec 22, 2024 12:05:44 AM java.util.prefs.FileSystemPreferences syncWorld
2024-12-22 00:05:44,310 [ERROR] LogOutputStream:75 - [STDERR_REDIRECT] WARNING: Couldn't flush system prefs: java.util.prefs.BackingStoreException: Couldn't get file lock.
2024-12-22 00:05:44,310 [ERROR] LogOutputStream:75 - [STDERR_REDIRECT] 
2024-12-22 00:06:14,310 [ERROR] LogOutputStream:75 - [STDERR_REDIRECT] Dec 22, 2024 12:06:14 AM java.util.prefs.FileSystemPreferences checkLockFile0ErrorCode
2024-12-22 00:06:14,310 [ERROR] LogOutputStream:75 - [STDERR_REDIRECT] WARNING: Could not lock System prefs. Unix error code 2.
2024-12-22 00:06:14,310 [ERROR] LogOutputStream:75 - [STDERR_REDIRECT] 
2024-12-22 00:06:14,311 [ERROR] LogOutputStream:75 - [STDERR_REDIRECT] Dec 22, 2024 12:06:14 AM java.util.prefs.FileSystemPreferences syncWorld
2024-12-22 00:06:14,311 [ERROR] LogOutputStream:75 - [STDERR_REDIRECT] WARNING: Couldn't flush system prefs: java.util.prefs.BackingStoreException: Couldn't get file lock.
2024-12-22 00:06:14,311 [ERROR] LogOutputStream:75 - [STDERR_REDIRECT] 
2024-12-22 00:06:44,310 [ERROR] LogOutputStream:75 - [STDERR_REDIRECT] Dec 22, 2024 12:06:44 AM java.util.prefs.FileSystemPreferences checkLockFile0ErrorCode
2024-12-22 00:06:44,310 [ERROR] LogOutputStream:75 - [STDERR_REDIRECT] WARNING: Could not lock System prefs. Unix error code 2.
2024-12-22 00:06:44,311 [ERROR] LogOutputStream:75 - [STDERR_REDIRECT] 
2024-12-22 00:06:44,311 [ERROR] LogOutputStream:75 - [STDERR_REDIRECT] Dec 22, 2024 12:06:44 AM java.util.prefs.FileSystemPreferences syncWorld
2024-12-22 00:06:44,311 [ERROR] LogOutputStream:75 - [STDERR_REDIRECT] WARNING: Couldn't flush system prefs: java.util.prefs.BackingStoreException: Couldn't get file lock.
2024-12-22 00:06:44,311 [ERROR] LogOutputStream:75 - [STDERR_REDIRECT] 
2024-12-22 00:07:14,309 [ERROR] LogOutputStream:75 - [STDERR_REDIRECT] Dec 22, 2024 12:07:14 AM java.util.prefs.FileSystemPreferences checkLockFile0ErrorCode
2024-12-22 00:07:14,310 [ERROR] LogOutputStream:75 - [STDERR_REDIRECT] WARNING: Could not lock System prefs. Unix error code 2.
2024-12-22 00:07:14,310 [ERROR] LogOutputStream:75 - [STDERR_REDIRECT] 
2024-12-22 00:07:14,310 [ERROR] LogOutputStream:75 - [STDERR_REDIRECT] Dec 22, 2024 12:07:14 AM java.util.prefs.FileSystemPreferences syncWorld
2024-12-22 00:07:14,311 [ERROR] LogOutputStream:75 - [STDERR_REDIRECT] WARNING: Couldn't flush system prefs: java.util.prefs.BackingStoreException: Couldn't get file lock.
2024-12-22 00:07:14,311 [ERROR] LogOutputStream:75 - [STDERR_REDIRECT] 
2024-12-22 00:07:44,310 [ERROR] LogOutputStream:75 - [STDERR_REDIRECT] Dec 22, 2024 12:07:44 AM java.util.prefs.FileSystemPreferences checkLockFile0ErrorCode
2024-12-22 00:07:44,310 [ERROR] LogOutputStream:75 - [STDERR_REDIRECT] WARNING: Could not lock System prefs. Unix error code 2.
2024-12-22 00:07:44,311 [ERROR] LogOutputStream:75 - [STDERR_REDIRECT] 
2024-12-22 00:07:44,311 [ERROR] LogOutputStream:75 - [STDERR_REDIRECT] Dec 22, 2024 12:07:44 AM java.util.prefs.FileSystemPreferences syncWorld
2024-12-22 00:07:44,311 [ERROR] LogOutputStream:75 - [STDERR_REDIRECT] WARNING: Couldn't flush system prefs: java.util.prefs.BackingStoreException: Couldn't get file lock.
2024-12-22 00:07:44,312 [ERROR] LogOutputStream:75 - [STDERR_REDIRECT] 
2024-12-22 00:08:14,309 [ERROR] LogOutputStream:75 - [STDERR_REDIRECT] Dec 22, 2024 12:08:14 AM java.util.prefs.FileSystemPreferences checkLockFile0ErrorCode
2024-12-22 00:08:14,310 [ERROR] LogOutputStream:75 - [STDERR_REDIRECT] WARNING: Could not lock System prefs. Unix error code 2.
2024-12-22 00:08:14,310 [ERROR] LogOutputStream:75 - [STDERR_REDIRECT] 
2024-12-22 00:08:14,310 [ERROR] LogOutputStream:75 - [STDERR_REDIRECT] Dec 22, 2024 12:08:14 AM java.util.prefs.FileSystemPreferences syncWorld
2024-12-22 00:08:14,311 [ERROR] LogOutputStream:75 - [STDERR_REDIRECT] WARNING: Couldn't flush system prefs: java.util.prefs.BackingStoreException: Couldn't get file lock.
2024-12-22 00:08:14,311 [ERROR] LogOutputStream:75 - [STDERR_REDIRECT] 
2024-12-22 00:08:44,310 [ERROR] LogOutputStream:75 - [STDERR_REDIRECT] Dec 22, 2024 12:08:44 AM java.util.prefs.FileSystemPreferences checkLockFile0ErrorCode
2024-12-22 00:08:44,310 [ERROR] LogOutputStream:75 - [STDERR_REDIRECT] WARNING: Could not lock System prefs. Unix error code 2.
2024-12-22 00:08:44,311 [ERROR] LogOutputStream:75 - [STDERR_REDIRECT] 
2024-12-22 00:08:44,311 [ERROR] LogOutputStream:75 - [STDERR_REDIRECT] Dec 22, 2024 12:08:44 AM java.util.prefs.FileSystemPreferences syncWorld
2024-12-22 00:08:44,311 [ERROR] LogOutputStream:75 - [STDERR_REDIRECT] WARNING: Couldn't flush system prefs: java.util.prefs.BackingStoreException: Couldn't get file lock.
2024-12-22 00:08:44,312 [ERROR] LogOutputStream:75 - [STDERR_REDIRECT] 
2024-12-22 00:09:14,310 [ERROR] LogOutputStream:75 - [STDERR_REDIRECT] Dec 22, 2024 12:09:14 AM java.util.prefs.FileSystemPreferences checkLockFile0ErrorCode
2024-12-22 00:09:14,310 [ERROR] LogOutputStream:75 - [STDERR_REDIRECT] WARNING: Could not lock System prefs. Unix error code 2.
2024-12-22 00:09:14,310 [ERROR] LogOutputStream:75 - [STDERR_REDIRECT] 
2024-12-22 00:09:14,311 [ERROR] LogOutputStream:75 - [STDERR_REDIRECT] Dec 22, 2024 12:09:14 AM java.util.prefs.FileSystemPreferences syncWorld
2024-12-22 00:09:14,311 [ERROR] LogOutputStream:75 - [STDERR_REDIRECT] WARNING: Couldn't flush system prefs: java.util.prefs.BackingStoreException: Couldn't get file lock.
2024-12-22 00:09:14,311 [ERROR] LogOutputStream:75 - [STDERR_REDIRECT] 
2024-12-22 00:09:44,310 [ERROR] LogOutputStream:75 - [STDERR_REDIRECT] Dec 22, 2024 12:09:44 AM java.util.prefs.FileSystemPreferences checkLockFile0ErrorCode
2024-12-22 00:09:44,310 [ERROR] LogOutputStream:75 - [STDERR_REDIRECT] WARNING: Could not lock System prefs. Unix error code 2.
2024-12-22 00:09:44,310 [ERROR] LogOutputStream:75 - [STDERR_REDIRECT] 
2024-12-22 00:09:44,311 [ERROR] LogOutputStream:75 - [STDERR_REDIRECT] Dec 22, 2024 12:09:44 AM java.util.prefs.FileSystemPreferences syncWorld
2024-12-22 00:09:44,311 [ERROR] LogOutputStream:75 - [STDERR_REDIRECT] WARNING: Couldn't flush system prefs: java.util.prefs.BackingStoreException: Couldn't get file lock.
2024-12-22 00:09:44,311 [ERROR] LogOutputStream:75 - [STDERR_REDIRECT] 
2024-12-22 00:10:14,310 [ERROR] LogOutputStream:75 - [STDERR_REDIRECT] Dec 22, 2024 12:10:14 AM java.util.prefs.FileSystemPreferences checkLockFile0ErrorCode
2024-12-22 00:10:14,310 [ERROR] LogOutputStream:75 - [STDERR_REDIRECT] WARNING: Could not lock System prefs. Unix error code 2.
2024-12-22 00:10:14,310 [ERROR] LogOutputStream:75 - [STDERR_REDIRECT] 
2024-12-22 00:10:14,311 [ERROR] LogOutputStream:75 - [STDERR_REDIRECT] Dec 22, 2024 12:10:14 AM java.util.prefs.FileSystemPreferences syncWorld
2024-12-22 00:10:14,311 [ERROR] LogOutputStream:75 - [STDERR_REDIRECT] WARNING: Couldn't flush system prefs: java.util.prefs.BackingStoreException: Couldn't get file lock.
2024-12-22 00:10:14,311 [ERROR] LogOutputStream:75 - [STDERR_REDIRECT] 
2024-12-22 00:10:44,310 [ERROR] LogOutputStream:75 - [STDERR_REDIRECT] Dec 22, 2024 12:10:44 AM java.util.prefs.FileSystemPreferences checkLockFile0ErrorCode
2024-12-22 00:10:44,311 [ERROR] LogOutputStream:75 - [STDERR_REDIRECT] WARNING: Could not lock System prefs. Unix error code 2.
2024-12-22 00:10:44,311 [ERROR] LogOutputStream:75 - [STDERR_REDIRECT] 
2024-12-22 00:10:44,311 [ERROR] LogOutputStream:75 - [STDERR_REDIRECT] Dec 22, 2024 12:10:44 AM java.util.prefs.FileSystemPreferences syncWorld
2024-12-22 00:10:44,311 [ERROR] LogOutputStream:75 - [STDERR_REDIRECT] WARNING: Couldn't flush system prefs: java.util.prefs.BackingStoreException: Couldn't get file lock.
2024-12-22 00:10:44,312 [ERROR] LogOutputStream:75 - [STDERR_REDIRECT] 
2024-12-22 00:11:14,311 [ERROR] LogOutputStream:75 - [STDERR_REDIRECT] Dec 22, 2024 12:11:14 AM java.util.prefs.FileSystemPreferences checkLockFile0ErrorCode
2024-12-22 00:11:14,311 [ERROR] LogOutputStream:75 - [STDERR_REDIRECT] WARNING: Could not lock System prefs. Unix error code 2.
2024-12-22 00:11:14,311 [ERROR] LogOutputStream:75 - [STDERR_REDIRECT] 
2024-12-22 00:11:14,312 [ERROR] LogOutputStream:75 - [STDERR_REDIRECT] Dec 22, 2024 12:11:14 AM java.util.prefs.FileSystemPreferences syncWorld
2024-12-22 00:11:14,312 [ERROR] LogOutputStream:75 - [STDERR_REDIRECT] WARNING: Couldn't flush system prefs: java.util.prefs.BackingStoreException: Couldn't get file lock.
2024-12-22 00:11:14,312 [ERROR] LogOutputStream:75 - [STDERR_REDIRECT] 
2024-12-22 00:11:44,311 [ERROR] LogOutputStream:75 - [STDERR_REDIRECT] Dec 22, 2024 12:11:44 AM java.util.prefs.FileSystemPreferences checkLockFile0ErrorCode
2024-12-22 00:11:44,312 [ERROR] LogOutputStream:75 - [STDERR_REDIRECT] WARNING: Could not lock System prefs. Unix error code 2.
2024-12-22 00:11:44,312 [ERROR] LogOutputStream:75 - [STDERR_REDIRECT] 
2024-12-22 00:11:44,313 [ERROR] LogOutputStream:75 - [STDERR_REDIRECT] Dec 22, 2024 12:11:44 AM java.util.prefs.FileSystemPreferences syncWorld
2024-12-22 00:11:44,313 [ERROR] LogOutputStream:75 - [STDERR_REDIRECT] WARNING: Couldn't flush system prefs: java.util.prefs.BackingStoreException: Couldn't get file lock.
2024-12-22 00:11:44,313 [ERROR] LogOutputStream:75 - [STDERR_REDIRECT] 
2024-12-22 00:12:14,312 [ERROR] LogOutputStream:75 - [STDERR_REDIRECT] Dec 22, 2024 12:12:14 AM java.util.prefs.FileSystemPreferences checkLockFile0ErrorCode
2024-12-22 00:12:14,312 [ERROR] LogOutputStream:75 - [STDERR_REDIRECT] WARNING: Could not lock System prefs. Unix error code 2.
2024-12-22 00:12:14,313 [ERROR] LogOutputStream:75 - [STDERR_REDIRECT] 
2024-12-22 00:12:14,313 [ERROR] LogOutputStream:75 - [STDERR_REDIRECT] Dec 22, 2024 12:12:14 AM java.util.prefs.FileSystemPreferences syncWorld
2024-12-22 00:12:14,313 [ERROR] LogOutputStream:75 - [STDERR_REDIRECT] WARNING: Couldn't flush system prefs: java.util.prefs.BackingStoreException: Couldn't get file lock.
2024-12-22 00:12:14,313 [ERROR] LogOutputStream:75 - [STDERR_REDIRECT] 
2024-12-22 00:12:44,311 [ERROR] LogOutputStream:75 - [STDERR_REDIRECT] Dec 22, 2024 12:12:44 AM java.util.prefs.FileSystemPreferences checkLockFile0ErrorCode
2024-12-22 00:12:44,312 [ERROR] LogOutputStream:75 - [STDERR_REDIRECT] WARNING: Could not lock System prefs. Unix error code 2.
2024-12-22 00:12:44,312 [ERROR] LogOutputStream:75 - [STDERR_REDIRECT] 
2024-12-22 00:12:44,313 [ERROR] LogOutputStream:75 - [STDERR_REDIRECT] Dec 22, 2024 12:12:44 AM java.util.prefs.FileSystemPreferences syncWorld
2024-12-22 00:12:44,313 [ERROR] LogOutputStream:75 - [STDERR_REDIRECT] WARNING: Couldn't flush system prefs: java.util.prefs.BackingStoreException: Couldn't get file lock.
2024-12-22 00:12:44,313 [ERROR] LogOutputStream:75 - [STDERR_REDIRECT] 
2024-12-22 00:13:14,319 [ERROR] LogOutputStream:75 - [STDERR_REDIRECT] Dec 22, 2024 12:13:14 AM java.util.prefs.FileSystemPreferences checkLockFile0ErrorCode
2024-12-22 00:13:14,320 [ERROR] LogOutputStream:75 - [STDERR_REDIRECT] WARNING: Could not lock System prefs. Unix error code 2.
2024-12-22 00:13:14,320 [ERROR] LogOutputStream:75 - [STDERR_REDIRECT] 
2024-12-22 00:13:14,321 [ERROR] LogOutputStream:75 - [STDERR_REDIRECT] Dec 22, 2024 12:13:14 AM java.util.prefs.FileSystemPreferences syncWorld
2024-12-22 00:13:14,321 [ERROR] LogOutputStream:75 - [STDERR_REDIRECT] WARNING: Couldn't flush system prefs: java.util.prefs.BackingStoreException: Couldn't get file lock.
2024-12-22 00:13:14,321 [ERROR] LogOutputStream:75 - [STDERR_REDIRECT] 
2024-12-22 00:13:44,318 [ERROR] LogOutputStream:75 - [STDERR_REDIRECT] Dec 22, 2024 12:13:44 AM java.util.prefs.FileSystemPreferences checkLockFile0ErrorCode
2024-12-22 00:13:44,319 [ERROR] LogOutputStream:75 - [STDERR_REDIRECT] WARNING: Could not lock System prefs. Unix error code 2.
2024-12-22 00:13:44,319 [ERROR] LogOutputStream:75 - [STDERR_REDIRECT] 
2024-12-22 00:13:44,319 [ERROR] LogOutputStream:75 - [STDERR_REDIRECT] Dec 22, 2024 12:13:44 AM java.util.prefs.FileSystemPreferences syncWorld
2024-12-22 00:13:44,319 [ERROR] LogOutputStream:75 - [STDERR_REDIRECT] WARNING: Couldn't flush system prefs: java.util.prefs.BackingStoreException: Couldn't get file lock.
2024-12-22 00:13:44,320 [ERROR] LogOutputStream:75 - [STDERR_REDIRECT] 
2024-12-22 00:14:11,323 [INFO] LogOutputStream:77 - [STDOUT_REDIRECT] This download action requires prior login. To proceed, please use the 'login' command with your my.st.com account email and password.
2024-12-22 00:14:11,323 [INFO] LogOutputStream:77 - [STDOUT_REDIRECT] Run 'login <email> <password> <remember_me>' for example 'login john.smith@st.com mypassword y'.
2024-12-22 00:14:11,324 [INFO] LogOutputStream:77 - [STDOUT_REDIRECT] If you do not have a my.st.com account, please visit https://st.com website to create one.
2024-12-22 00:14:14,318 [ERROR] LogOutputStream:75 - [STDERR_REDIRECT] Dec 22, 2024 12:14:14 AM java.util.prefs.FileSystemPreferences checkLockFile0ErrorCode
2024-12-22 00:14:14,318 [ERROR] LogOutputStream:75 - [STDERR_REDIRECT] WARNING: Could not lock System prefs. Unix error code 2.
2024-12-22 00:14:14,319 [ERROR] LogOutputStream:75 - [STDERR_REDIRECT] 
2024-12-22 00:14:14,319 [ERROR] LogOutputStream:75 - [STDERR_REDIRECT] Dec 22, 2024 12:14:14 AM java.util.prefs.FileSystemPreferences syncWorld
2024-12-22 00:14:14,319 [ERROR] LogOutputStream:75 - [STDERR_REDIRECT] WARNING: Couldn't flush system prefs: java.util.prefs.BackingStoreException: Couldn't get file lock.
2024-12-22 00:14:14,319 [ERROR] LogOutputStream:75 - [STDERR_REDIRECT] 
2024-12-22 00:14:44,314 [ERROR] LogOutputStream:75 - [STDERR_REDIRECT] Dec 22, 2024 12:14:44 AM java.util.prefs.FileSystemPreferences checkLockFile0ErrorCode
2024-12-22 00:14:44,314 [ERROR] LogOutputStream:75 - [STDERR_REDIRECT] WARNING: Could not lock System prefs. Unix error code 2.
2024-12-22 00:14:44,315 [ERROR] LogOutputStream:75 - [STDERR_REDIRECT] 
2024-12-22 00:14:44,315 [ERROR] LogOutputStream:75 - [STDERR_REDIRECT] Dec 22, 2024 12:14:44 AM java.util.prefs.FileSystemPreferences syncWorld
2024-12-22 00:14:44,316 [ERROR] LogOutputStream:75 - [STDERR_REDIRECT] WARNING: Couldn't flush system prefs: java.util.prefs.BackingStoreException: Couldn't get file lock.
2024-12-22 00:14:44,316 [ERROR] LogOutputStream:75 - [STDERR_REDIRECT] 
2024-12-22 00:15:14,316 [ERROR] LogOutputStream:75 - [STDERR_REDIRECT] Dec 22, 2024 12:15:14 AM java.util.prefs.FileSystemPreferences checkLockFile0ErrorCode
2024-12-22 00:15:14,317 [ERROR] LogOutputStream:75 - [STDERR_REDIRECT] WARNING: Could not lock System prefs. Unix error code 2.
2024-12-22 00:15:14,317 [ERROR] LogOutputStream:75 - [STDERR_REDIRECT] 
2024-12-22 00:15:14,317 [ERROR] LogOutputStream:75 - [STDERR_REDIRECT] Dec 22, 2024 12:15:14 AM java.util.prefs.FileSystemPreferences syncWorld
2024-12-22 00:15:14,318 [ERROR] LogOutputStream:75 - [STDERR_REDIRECT] WARNING: Couldn't flush system prefs: java.util.prefs.BackingStoreException: Couldn't get file lock.
2024-12-22 00:15:14,318 [ERROR] LogOutputStream:75 - [STDERR_REDIRECT] 
2024-12-22 00:15:44,319 [ERROR] LogOutputStream:75 - [STDERR_REDIRECT] Dec 22, 2024 12:15:44 AM java.util.prefs.FileSystemPreferences checkLockFile0ErrorCode
2024-12-22 00:15:44,320 [ERROR] LogOutputStream:75 - [STDERR_REDIRECT] WARNING: Could not lock System prefs. Unix error code 2.
2024-12-22 00:15:44,320 [ERROR] LogOutputStream:75 - [STDERR_REDIRECT] 
2024-12-22 00:15:44,321 [ERROR] LogOutputStream:75 - [STDERR_REDIRECT] Dec 22, 2024 12:15:44 AM java.util.prefs.FileSystemPreferences syncWorld
2024-12-22 00:15:44,321 [ERROR] LogOutputStream:75 - [STDERR_REDIRECT] WARNING: Couldn't flush system prefs: java.util.prefs.BackingStoreException: Couldn't get file lock.
2024-12-22 00:15:44,321 [ERROR] LogOutputStream:75 - [STDERR_REDIRECT] 
2024-12-22 00:16:14,314 [ERROR] LogOutputStream:75 - [STDERR_REDIRECT] Dec 22, 2024 12:16:14 AM java.util.prefs.FileSystemPreferences checkLockFile0ErrorCode
2024-12-22 00:16:14,315 [ERROR] LogOutputStream:75 - [STDERR_REDIRECT] WARNING: Could not lock System prefs. Unix error code 2.
2024-12-22 00:16:14,315 [ERROR] LogOutputStream:75 - [STDERR_REDIRECT] 
2024-12-22 00:16:14,316 [ERROR] LogOutputStream:75 - [STDERR_REDIRECT] Dec 22, 2024 12:16:14 AM java.util.prefs.FileSystemPreferences syncWorld
2024-12-22 00:16:14,316 [ERROR] LogOutputStream:75 - [STDERR_REDIRECT] WARNING: Couldn't flush system prefs: java.util.prefs.BackingStoreException: Couldn't get file lock.
2024-12-22 00:16:14,316 [ERROR] LogOutputStream:75 - [STDERR_REDIRECT] 
2024-12-22 00:16:31,707 [INFO] LogOutputStream:77 - [STDOUT_REDIRECT] This download action requires prior login. To proceed, please use the 'login' command with your my.st.com account email and password.
2024-12-22 00:16:31,707 [INFO] LogOutputStream:77 - [STDOUT_REDIRECT] Run 'login <email> <password> <remember_me>' for example 'login john.smith@st.com mypassword y'.
2024-12-22 00:16:31,707 [INFO] LogOutputStream:77 - [STDOUT_REDIRECT] If you do not have a my.st.com account, please visit https://st.com website to create one.
2024-12-22 00:16:44,320 [ERROR] LogOutputStream:75 - [STDERR_REDIRECT] Dec 22, 2024 12:16:44 AM java.util.prefs.FileSystemPreferences checkLockFile0ErrorCode
2024-12-22 00:16:44,320 [ERROR] LogOutputStream:75 - [STDERR_REDIRECT] WARNING: Could not lock System prefs. Unix error code 2.
2024-12-22 00:16:44,320 [ERROR] LogOutputStream:75 - [STDERR_REDIRECT] 
2024-12-22 00:16:44,321 [ERROR] LogOutputStream:75 - [STDERR_REDIRECT] Dec 22, 2024 12:16:44 AM java.util.prefs.FileSystemPreferences syncWorld
2024-12-22 00:16:44,321 [ERROR] LogOutputStream:75 - [STDERR_REDIRECT] WARNING: Couldn't flush system prefs: java.util.prefs.BackingStoreException: Couldn't get file lock.
2024-12-22 00:16:44,321 [ERROR] LogOutputStream:75 - [STDERR_REDIRECT] 
2024-12-22 00:17:14,316 [ERROR] LogOutputStream:75 - [STDERR_REDIRECT] Dec 22, 2024 12:17:14 AM java.util.prefs.FileSystemPreferences checkLockFile0ErrorCode
2024-12-22 00:17:14,316 [ERROR] LogOutputStream:75 - [STDERR_REDIRECT] WARNING: Could not lock System prefs. Unix error code 2.
2024-12-22 00:17:14,316 [ERROR] LogOutputStream:75 - [STDERR_REDIRECT] 
2024-12-22 00:17:14,317 [ERROR] LogOutputStream:75 - [STDERR_REDIRECT] Dec 22, 2024 12:17:14 AM java.util.prefs.FileSystemPreferences syncWorld
2024-12-22 00:17:14,317 [ERROR] LogOutputStream:75 - [STDERR_REDIRECT] WARNING: Couldn't flush system prefs: java.util.prefs.BackingStoreException: Couldn't get file lock.
2024-12-22 00:17:14,318 [ERROR] LogOutputStream:75 - [STDERR_REDIRECT] 
2024-12-22 00:17:44,316 [ERROR] LogOutputStream:75 - [STDERR_REDIRECT] Dec 22, 2024 12:17:44 AM java.util.prefs.FileSystemPreferences checkLockFile0ErrorCode
2024-12-22 00:17:44,317 [ERROR] LogOutputStream:75 - [STDERR_REDIRECT] WARNING: Could not lock System prefs. Unix error code 2.
2024-12-22 00:17:44,317 [ERROR] LogOutputStream:75 - [STDERR_REDIRECT] 
2024-12-22 00:17:44,317 [ERROR] LogOutputStream:75 - [STDERR_REDIRECT] Dec 22, 2024 12:17:44 AM java.util.prefs.FileSystemPreferences syncWorld
2024-12-22 00:17:44,318 [ERROR] LogOutputStream:75 - [STDERR_REDIRECT] WARNING: Couldn't flush system prefs: java.util.prefs.BackingStoreException: Couldn't get file lock.
2024-12-22 00:17:44,318 [ERROR] LogOutputStream:75 - [STDERR_REDIRECT] 
2024-12-22 00:18:14,317 [ERROR] LogOutputStream:75 - [STDERR_REDIRECT] Dec 22, 2024 12:18:14 AM java.util.prefs.FileSystemPreferences checkLockFile0ErrorCode
2024-12-22 00:18:14,318 [ERROR] LogOutputStream:75 - [STDERR_REDIRECT] WARNING: Could not lock System prefs. Unix error code 2.
2024-12-22 00:18:14,318 [ERROR] LogOutputStream:75 - [STDERR_REDIRECT] 
2024-12-22 00:18:14,319 [ERROR] LogOutputStream:75 - [STDERR_REDIRECT] Dec 22, 2024 12:18:14 AM java.util.prefs.FileSystemPreferences syncWorld
2024-12-22 00:18:14,319 [ERROR] LogOutputStream:75 - [STDERR_REDIRECT] WARNING: Couldn't flush system prefs: java.util.prefs.BackingStoreException: Couldn't get file lock.
2024-12-22 00:18:14,319 [ERROR] LogOutputStream:75 - [STDERR_REDIRECT] 
2024-12-22 00:18:44,317 [ERROR] LogOutputStream:75 - [STDERR_REDIRECT] Dec 22, 2024 12:18:44 AM java.util.prefs.FileSystemPreferences checkLockFile0ErrorCode
2024-12-22 00:18:44,317 [ERROR] LogOutputStream:75 - [STDERR_REDIRECT] WARNING: Could not lock System prefs. Unix error code 2.
2024-12-22 00:18:44,318 [ERROR] LogOutputStream:75 - [STDERR_REDIRECT] 
2024-12-22 00:18:44,318 [ERROR] LogOutputStream:75 - [STDERR_REDIRECT] Dec 22, 2024 12:18:44 AM java.util.prefs.FileSystemPreferences syncWorld
2024-12-22 00:18:44,318 [ERROR] LogOutputStream:75 - [STDERR_REDIRECT] WARNING: Couldn't flush system prefs: java.util.prefs.BackingStoreException: Couldn't get file lock.
2024-12-22 00:18:44,319 [ERROR] LogOutputStream:75 - [STDERR_REDIRECT] 
2024-12-22 00:19:14,316 [ERROR] LogOutputStream:75 - [STDERR_REDIRECT] Dec 22, 2024 12:19:14 AM java.util.prefs.FileSystemPreferences checkLockFile0ErrorCode
2024-12-22 00:19:14,317 [ERROR] LogOutputStream:75 - [STDERR_REDIRECT] WARNING: Could not lock System prefs. Unix error code 2.
2024-12-22 00:19:14,317 [ERROR] LogOutputStream:75 - [STDERR_REDIRECT] 
2024-12-22 00:19:14,318 [ERROR] LogOutputStream:75 - [STDERR_REDIRECT] Dec 22, 2024 12:19:14 AM java.util.prefs.FileSystemPreferences syncWorld
2024-12-22 00:19:14,318 [ERROR] LogOutputStream:75 - [STDERR_REDIRECT] WARNING: Couldn't flush system prefs: java.util.prefs.BackingStoreException: Couldn't get file lock.
2024-12-22 00:19:14,318 [ERROR] LogOutputStream:75 - [STDERR_REDIRECT] 
2024-12-22 00:19:44,317 [ERROR] LogOutputStream:75 - [STDERR_REDIRECT] Dec 22, 2024 12:19:44 AM java.util.prefs.FileSystemPreferences checkLockFile0ErrorCode
2024-12-22 00:19:44,317 [ERROR] LogOutputStream:75 - [STDERR_REDIRECT] WARNING: Could not lock System prefs. Unix error code 2.
2024-12-22 00:19:44,317 [ERROR] LogOutputStream:75 - [STDERR_REDIRECT] 
2024-12-22 00:19:44,318 [ERROR] LogOutputStream:75 - [STDERR_REDIRECT] Dec 22, 2024 12:19:44 AM java.util.prefs.FileSystemPreferences syncWorld
2024-12-22 00:19:44,318 [ERROR] LogOutputStream:75 - [STDERR_REDIRECT] WARNING: Couldn't flush system prefs: java.util.prefs.BackingStoreException: Couldn't get file lock.
2024-12-22 00:19:44,318 [ERROR] LogOutputStream:75 - [STDERR_REDIRECT] 
2024-12-22 00:20:14,317 [ERROR] LogOutputStream:75 - [STDERR_REDIRECT] Dec 22, 2024 12:20:14 AM java.util.prefs.FileSystemPreferences checkLockFile0ErrorCode
2024-12-22 00:20:14,318 [ERROR] LogOutputStream:75 - [STDERR_REDIRECT] WARNING: Could not lock System prefs. Unix error code 2.
2024-12-22 00:20:14,318 [ERROR] LogOutputStream:75 - [STDERR_REDIRECT] 
2024-12-22 00:20:14,318 [ERROR] LogOutputStream:75 - [STDERR_REDIRECT] Dec 22, 2024 12:20:14 AM java.util.prefs.FileSystemPreferences syncWorld
2024-12-22 00:20:14,318 [ERROR] LogOutputStream:75 - [STDERR_REDIRECT] WARNING: Couldn't flush system prefs: java.util.prefs.BackingStoreException: Couldn't get file lock.
2024-12-22 00:20:14,319 [ERROR] LogOutputStream:75 - [STDERR_REDIRECT] 
2024-12-22 00:20:44,317 [ERROR] LogOutputStream:75 - [STDERR_REDIRECT] Dec 22, 2024 12:20:44 AM java.util.prefs.FileSystemPreferences checkLockFile0ErrorCode
2024-12-22 00:20:44,317 [ERROR] LogOutputStream:75 - [STDERR_REDIRECT] WARNING: Could not lock System prefs. Unix error code 2.
2024-12-22 00:20:44,317 [ERROR] LogOutputStream:75 - [STDERR_REDIRECT] 
2024-12-22 00:20:44,318 [ERROR] LogOutputStream:75 - [STDERR_REDIRECT] Dec 22, 2024 12:20:44 AM java.util.prefs.FileSystemPreferences syncWorld
2024-12-22 00:20:44,318 [ERROR] LogOutputStream:75 - [STDERR_REDIRECT] WARNING: Couldn't flush system prefs: java.util.prefs.BackingStoreException: Couldn't get file lock.
2024-12-22 00:20:44,318 [ERROR] LogOutputStream:75 - [STDERR_REDIRECT] 
2024-12-22 00:21:14,318 [ERROR] LogOutputStream:75 - [STDERR_REDIRECT] Dec 22, 2024 12:21:14 AM java.util.prefs.FileSystemPreferences checkLockFile0ErrorCode
2024-12-22 00:21:14,318 [ERROR] LogOutputStream:75 - [STDERR_REDIRECT] WARNING: Could not lock System prefs. Unix error code 2.
2024-12-22 00:21:14,319 [ERROR] LogOutputStream:75 - [STDERR_REDIRECT] 
2024-12-22 00:21:14,319 [ERROR] LogOutputStream:75 - [STDERR_REDIRECT] Dec 22, 2024 12:21:14 AM java.util.prefs.FileSystemPreferences syncWorld
2024-12-22 00:21:14,319 [ERROR] LogOutputStream:75 - [STDERR_REDIRECT] WARNING: Couldn't flush system prefs: java.util.prefs.BackingStoreException: Couldn't get file lock.
2024-12-22 00:21:14,319 [ERROR] LogOutputStream:75 - [STDERR_REDIRECT] 
2024-12-22 00:21:44,318 [ERROR] LogOutputStream:75 - [STDERR_REDIRECT] Dec 22, 2024 12:21:44 AM java.util.prefs.FileSystemPreferences checkLockFile0ErrorCode
2024-12-22 00:21:44,318 [ERROR] LogOutputStream:75 - [STDERR_REDIRECT] WARNING: Could not lock System prefs. Unix error code 2.
2024-12-22 00:21:44,318 [ERROR] LogOutputStream:75 - [STDERR_REDIRECT] 
2024-12-22 00:21:44,319 [ERROR] LogOutputStream:75 - [STDERR_REDIRECT] Dec 22, 2024 12:21:44 AM java.util.prefs.FileSystemPreferences syncWorld
2024-12-22 00:21:44,319 [ERROR] LogOutputStream:75 - [STDERR_REDIRECT] WARNING: Couldn't flush system prefs: java.util.prefs.BackingStoreException: Couldn't get file lock.
2024-12-22 00:21:44,319 [ERROR] LogOutputStream:75 - [STDERR_REDIRECT] 
2024-12-22 00:21:45,351 [ERROR] LogOutputStream:75 - [STDERR_REDIRECT] 
2024-12-22 00:21:45,352 [ERROR] LogOutputStream:75 - [STDERR_REDIRECT] 
